TextViewerModule/build/outputs/logs/manifest-merger-release-report.txt
-- Merging decision tree log ---
manifest
ADDED from src/main/AndroidManifest.xml:16:1-59:12
INJECTED from src/main/AndroidManifest.xml:16:1-59:12
	package
		INJECTED from src/main/AndroidManifest.xml
	xmlns:android
		ADDED from src/main/AndroidManifest.xml:16:11-69
application
ADDED from src/main/AndroidManifest.xml:18:5-57:19
activity#com.bharathvishal.textfileviewer.Activities.ExampleActivityJava
ADDED from src/main/AndroidManifest.xml:19:9-23:62
	android:label
		ADDED from src/main/AndroidManifest.xml:22:13-45
	android:exported
		ADDED from src/main/AndroidManifest.xml:21:13-36
	android:theme
		ADDED from src/main/AndroidManifest.xml:23:13-59
	android:name
		ADDED from src/main/AndroidManifest.xml:20:13-59
activity#com.bharathvishal.textfileviewer.Activities.ExampleActivityKotlinCompose
ADDED from src/main/AndroidManifest.xml:25:9-34:20
	android:label
		ADDED from src/main/AndroidManifest.xml:28:13-45
	android:exported
		ADDED from src/main/AndroidManifest.xml:27:13-36
	android:theme
		ADDED from src/main/AndroidManifest.xml:29:13-59
	android:name
		ADDED from src/main/AndroidManifest.xml:26:13-68
intent-filter#action:name:android.intent.action.MAIN+category:name:android.intent.category.LAUNCHER
ADDED from src/main/AndroidManifest.xml:30:13-33:29
action#android.intent.action.MAIN
ADDED from src/main/AndroidManifest.xml:31:17-69
	android:name
		ADDED from src/main/AndroidManifest.xml:31:25-66
category#android.intent.category.LAUNCHER
ADDED from src/main/AndroidManifest.xml:32:17-77
	android:name
		ADDED from src/main/AndroidManifest.xml:32:27-74
activity#com.bharathvishal.textfileviewer.Activities.TextViewMainActivity
ADDED from src/main/AndroidManifest.xml:36:9-40:62
	android:label
		ADDED from src/main/AndroidManifest.xml:39:13-45
	android:exported
		ADDED from src/main/AndroidManifest.xml:38:13-36
	android:theme
		ADDED from src/main/AndroidManifest.xml:40:13-59
	android:name
		ADDED from src/main/AndroidManifest.xml:37:13-60
activity#com.bharathvishal.textfileviewer.Activities.TextViewMainActivityWearable
ADDED from src/main/AndroidManifest.xml:42:9-46:62
	android:label
		ADDED from src/main/AndroidManifest.xml:45:13-45
	android:exported
		ADDED from src/main/AndroidManifest.xml:44:13-36
	android:theme
		ADDED from src/main/AndroidManifest.xml:46:13-59
	android:name
		ADDED from src/main/AndroidManifest.xml:43:13-68
provider#androidx.core.content.FileProvider
ADDED from src/main/AndroidManifest.xml:48:9-56:20
	android:grantUriPermissions
		ADDED from src/main/AndroidManifest.xml:52:13-47
	android:authorities
		ADDED from src/main/AndroidManifest.xml:50:13-60
	android:exported
		ADDED from src/main/AndroidManifest.xml:51:13-37
	android:name
		ADDED from src/main/AndroidManifest.xml:49:13-62
meta-data#android.support.FILE_PROVIDER_PATHS
ADDED from src/main/AndroidManifest.xml:53:13-55:57
	android:resource
		ADDED from src/main/AndroidManifest.xml:55:17-54
	android:name
		ADDED from src/main/AndroidManifest.xml:54:17-67
uses-sdk
INJECTED from src/main/AndroidManifest.xml reason: use-sdk injection requested
INJECTED from src/main/AndroidManifest.xml
INJECTED from src/main/AndroidManifest.xml
	android:targetSdkVersion
		INJECTED from src/main/AndroidManifest.xml
	android:minSdkVersion
		INJECTED from src/main/AndroidManifest.xml